<?xml version="1.0" encoding="utf-8"?><testsuites name="pytest tests"><testsuite name="pytest" errors="0" failures="0" skipped="0" tests="7" time="1.221" timestamp="2026-06-16T11:14:54.090624+00:00" hostname="agent-env-e3e98df3-b222-493a-9899-70df312ed469"><testcase classname="backend.tests.test_contact_api.TestRoot" name="test_root" time="0.275" /><testcase classname="backend.tests.test_contact_api.TestContactValidation" name="test_missing_fields_returns_422" time="0.042" /><testcase classname="backend.tests.test_contact_api.TestContactValidation" name="test_invalid_email_returns_422" time="0.058" /><testcase classname="backend.tests.test_contact_api.TestContactValidation" name="test_empty_name_returns_422" time="0.045" /><testcase classname="backend.tests.test_contact_api.TestContactValidation" name="test_empty_message_returns_422" time="0.051" /><testcase classname="backend.tests.test_contact_api.TestContactCRUD" name="test_create_contact_and_verify_persistence" time="0.381" /><testcase classname="backend.tests.test_contact_api.TestContactCRUD" name="test_email_sent_flag_true_when_resend_configured" time="0.229" /></testsuite></testsuites>